  [1m[36m (119.2ms)[0m  [1mDROP DATABASE IF EXISTS "app_prototype_development"[0m
  [1m[35m (240.5ms)[0m  CREATE DATABASE "app_prototype_development" ENCODING = 'unicode'
  [1m[36mSQL (0.5ms)[0m  [1mCREATE EXTENSION IF NOT EXISTS "plpgsql"[0m
  [1m[35m (6.0ms)[0m  CREATE TABLE "schema_migrations" ("version" character varying NOT NULL) 
  [1m[36m (1.8ms)[0m  [1mCREATE UNIQUE INDEX  "unique_schema_migrations" ON "schema_migrations"  ("version")[0m
  [1m[35m (0.5ms)[0m  SELECT version FROM "schema_migrations"
  [1m[36m (0.4ms)[0m  [1mINSERT INTO "schema_migrations" (version) VALUES ('0')[0m
  [1m[35m (124.8ms)[0m  DROP DATABASE IF EXISTS "app_prototype_test"
  [1m[36m (240.8ms)[0m  [1mCREATE DATABASE "app_prototype_test" ENCODING = 'unicode'[0m
  [1m[35mSQL (0.3ms)[0m  CREATE EXTENSION IF NOT EXISTS "plpgsql"
  [1m[36m (4.7ms)[0m  [1mCREATE TABLE "schema_migrations" ("version" character varying NOT NULL) [0m
  [1m[35m (1.3ms)[0m  CREATE UNIQUE INDEX  "unique_schema_migrations" ON "schema_migrations"  ("version")
  [1m[36m (0.5ms)[0m  [1mSELECT version FROM "schema_migrations"[0m
  [1m[35m (0.5ms)[0m  INSERT INTO "schema_migrations" (version) VALUES ('0')
  [1m[36mActiveRecord::SchemaMigration Load (0.6ms)[0m  [1mSELECT "schema_migrations".* FROM "schema_migrations"[0m


Started GET "/" for 127.0.0.1 at 2014-11-26 17:36:32 -0800
Processing by PagesController#root as HTML
  Rendered pages/root.html.slim within layouts/application (15.0ms)
Warning. Error encountered while saving cache a17e71394880d89ea7c0b72752f6afe9de80a866/application.css.scssc: can't dump anonymous class #<Class:0x007fc4b3b47ec0>

Warning. Error encountered while saving cache e5466fbb0a8aadc628a818c11f9c51516e49e35d/_bootstrap.scssc: can't dump anonymous class #<Class:0x007fc4b3b47ec0>

Warning. Error encountered while saving cache c8a8c8cf8e3222f818eb9101d437214e58ddd1b5/_variables.scssc: can't dump anonymous class #<Class:0x007fc4b3b47ec0>

Warning. Error encountered while saving cache c8a8c8cf8e3222f818eb9101d437214e58ddd1b5/_mixins.scssc: can't dump anonymous class #<Class:0x007fc4b3b47ec0>

Warning. Error encountered while saving cache d340062b9065ffc84c726e4c348708d3387833c6/_hide-text.scssc: can't dump anonymous class #<Class:0x007fc4b3b47ec0>

Warning. Error encountered while saving cache d340062b9065ffc84c726e4c348708d3387833c6/_opacity.scssc: can't dump anonymous class #<Class:0x007fc4b3b47ec0>

Warning. Error encountered while saving cache d340062b9065ffc84c726e4c348708d3387833c6/_image.scssc: can't dump anonymous class #<Class:0x007fc4b3b47ec0>

Warning. Error encountered while saving cache d340062b9065ffc84c726e4c348708d3387833c6/_labels.scssc: can't dump anonymous class #<Class:0x007fc4b3b47ec0>

Warning. Error encountered while saving cache d340062b9065ffc84c726e4c348708d3387833c6/_reset-filter.scssc: can't dump anonymous class #<Class:0x007fc4b3b47ec0>

Warning. Error encountered while saving cache d340062b9065ffc84c726e4c348708d3387833c6/_resize.scssc: can't dump anonymous class #<Class:0x007fc4b3b47ec0>

Warning. Error encountered while saving cache d340062b9065ffc84c726e4c348708d3387833c6/_responsive-visibility.scssc: can't dump anonymous class #<Class:0x007fc4b3b47ec0>

Warning. Error encountered while saving cache d340062b9065ffc84c726e4c348708d3387833c6/_size.scssc: can't dump anonymous class #<Class:0x007fc4b3b47ec0>

Warning. Error encountered while saving cache d340062b9065ffc84c726e4c348708d3387833c6/_tab-focus.scssc: can't dump anonymous class #<Class:0x007fc4b3b47ec0>

Warning. Error encountered while saving cache d340062b9065ffc84c726e4c348708d3387833c6/_text-emphasis.scssc: can't dump anonymous class #<Class:0x007fc4b3b47ec0>

Warning. Error encountered while saving cache d340062b9065ffc84c726e4c348708d3387833c6/_text-overflow.scssc: can't dump anonymous class #<Class:0x007fc4b3b47ec0>

Warning. Error encountered while saving cache d340062b9065ffc84c726e4c348708d3387833c6/_vendor-prefixes.scssc: can't dump anonymous class #<Class:0x007fc4b3b47ec0>

Warning. Error encountered while saving cache d340062b9065ffc84c726e4c348708d3387833c6/_alerts.scssc: can't dump anonymous class #<Class:0x007fc4b3b47ec0>

Warning. Error encountered while saving cache d340062b9065ffc84c726e4c348708d3387833c6/_buttons.scssc: can't dump anonymous class #<Class:0x007fc4b3b47ec0>

Warning. Error encountered while saving cache d340062b9065ffc84c726e4c348708d3387833c6/_panels.scssc: can't dump anonymous class #<Class:0x007fc4b3b47ec0>

Warning. Error encountered while saving cache d340062b9065ffc84c726e4c348708d3387833c6/_pagination.scssc: can't dump anonymous class #<Class:0x007fc4b3b47ec0>

Warning. Error encountered while saving cache d340062b9065ffc84c726e4c348708d3387833c6/_list-group.scssc: can't dump anonymous class #<Class:0x007fc4b3b47ec0>

Warning. Error encountered while saving cache d340062b9065ffc84c726e4c348708d3387833c6/_nav-divider.scssc: can't dump anonymous class #<Class:0x007fc4b3b47ec0>

Warning. Error encountered while saving cache d340062b9065ffc84c726e4c348708d3387833c6/_forms.scssc: can't dump anonymous class #<Class:0x007fc4b3b47ec0>

Warning. Error encountered while saving cache d340062b9065ffc84c726e4c348708d3387833c6/_progress-bar.scssc: can't dump anonymous class #<Class:0x007fc4b3b47ec0>

Warning. Error encountered while saving cache d340062b9065ffc84c726e4c348708d3387833c6/_table-row.scssc: can't dump anonymous class #<Class:0x007fc4b3b47ec0>

Warning. Error encountered while saving cache d340062b9065ffc84c726e4c348708d3387833c6/_background-variant.scssc: can't dump anonymous class #<Class:0x007fc4b3b47ec0>

Warning. Error encountered while saving cache d340062b9065ffc84c726e4c348708d3387833c6/_border-radius.scssc: can't dump anonymous class #<Class:0x007fc4b3b47ec0>

Warning. Error encountered while saving cache d340062b9065ffc84c726e4c348708d3387833c6/_gradients.scssc: can't dump anonymous class #<Class:0x007fc4b3b47ec0>

Warning. Error encountered while saving cache d340062b9065ffc84c726e4c348708d3387833c6/_clearfix.scssc: can't dump anonymous class #<Class:0x007fc4b3b47ec0>

Warning. Error encountered while saving cache d340062b9065ffc84c726e4c348708d3387833c6/_center-block.scssc: can't dump anonymous class #<Class:0x007fc4b3b47ec0>

Warning. Error encountered while saving cache d340062b9065ffc84c726e4c348708d3387833c6/_nav-vertical-align.scssc: can't dump anonymous class #<Class:0x007fc4b3b47ec0>

Warning. Error encountered while saving cache d340062b9065ffc84c726e4c348708d3387833c6/_grid-framework.scssc: can't dump anonymous class #<Class:0x007fc4b3b47ec0>

Warning. Error encountered while saving cache d340062b9065ffc84c726e4c348708d3387833c6/_grid.scssc: can't dump anonymous class #<Class:0x007fc4b3b47ec0>

Warning. Error encountered while saving cache c8a8c8cf8e3222f818eb9101d437214e58ddd1b5/_normalize.scssc: can't dump anonymous class #<Class:0x007fc4b3b47ec0>

Warning. Error encountered while saving cache c8a8c8cf8e3222f818eb9101d437214e58ddd1b5/_print.scssc: can't dump anonymous class #<Class:0x007fc4b3b47ec0>

Warning. Error encountered while saving cache c8a8c8cf8e3222f818eb9101d437214e58ddd1b5/_glyphicons.scssc: can't dump anonymous class #<Class:0x007fc4b3b47ec0>

Warning. Error encountered while saving cache c8a8c8cf8e3222f818eb9101d437214e58ddd1b5/_scaffolding.scssc: can't dump anonymous class #<Class:0x007fc4b3b47ec0>

Warning. Error encountered while saving cache c8a8c8cf8e3222f818eb9101d437214e58ddd1b5/_type.scssc: can't dump anonymous class #<Class:0x007fc4b3b47ec0>

Warning. Error encountered while saving cache c8a8c8cf8e3222f818eb9101d437214e58ddd1b5/_code.scssc: can't dump anonymous class #<Class:0x007fc4b3b47ec0>

Warning. Error encountered while saving cache c8a8c8cf8e3222f818eb9101d437214e58ddd1b5/_grid.scssc: can't dump anonymous class #<Class:0x007fc4b3b47ec0>

Warning. Error encountered while saving cache c8a8c8cf8e3222f818eb9101d437214e58ddd1b5/_tables.scssc: can't dump anonymous class #<Class:0x007fc4b3b47ec0>

Warning. Error encountered while saving cache c8a8c8cf8e3222f818eb9101d437214e58ddd1b5/_forms.scssc: can't dump anonymous class #<Class:0x007fc4b3b47ec0>

Warning. Error encountered while saving cache c8a8c8cf8e3222f818eb9101d437214e58ddd1b5/_buttons.scssc: can't dump anonymous class #<Class:0x007fc4b3b47ec0>

Warning. Error encountered while saving cache c8a8c8cf8e3222f818eb9101d437214e58ddd1b5/_component-animations.scssc: can't dump anonymous class #<Class:0x007fc4b3b47ec0>

Warning. Error encountered while saving cache c8a8c8cf8e3222f818eb9101d437214e58ddd1b5/_dropdowns.scssc: can't dump anonymous class #<Class:0x007fc4b3b47ec0>

Warning. Error encountered while saving cache c8a8c8cf8e3222f818eb9101d437214e58ddd1b5/_button-groups.scssc: can't dump anonymous class #<Class:0x007fc4b3b47ec0>

Warning. Error encountered while saving cache c8a8c8cf8e3222f818eb9101d437214e58ddd1b5/_input-groups.scssc: can't dump anonymous class #<Class:0x007fc4b3b47ec0>

Warning. Error encountered while saving cache c8a8c8cf8e3222f818eb9101d437214e58ddd1b5/_navs.scssc: can't dump anonymous class #<Class:0x007fc4b3b47ec0>

Warning. Error encountered while saving cache c8a8c8cf8e3222f818eb9101d437214e58ddd1b5/_navbar.scssc: can't dump anonymous class #<Class:0x007fc4b3b47ec0>

Warning. Error encountered while saving cache c8a8c8cf8e3222f818eb9101d437214e58ddd1b5/_breadcrumbs.scssc: can't dump anonymous class #<Class:0x007fc4b3b47ec0>

Warning. Error encountered while saving cache c8a8c8cf8e3222f818eb9101d437214e58ddd1b5/_pagination.scssc: can't dump anonymous class #<Class:0x007fc4b3b47ec0>

Warning. Error encountered while saving cache c8a8c8cf8e3222f818eb9101d437214e58ddd1b5/_pager.scssc: can't dump anonymous class #<Class:0x007fc4b3b47ec0>

Warning. Error encountered while saving cache c8a8c8cf8e3222f818eb9101d437214e58ddd1b5/_labels.scssc: can't dump anonymous class #<Class:0x007fc4b3b47ec0>

Warning. Error encountered while saving cache c8a8c8cf8e3222f818eb9101d437214e58ddd1b5/_badges.scssc: can't dump anonymous class #<Class:0x007fc4b3b47ec0>

Warning. Error encountered while saving cache c8a8c8cf8e3222f818eb9101d437214e58ddd1b5/_jumbotron.scssc: can't dump anonymous class #<Class:0x007fc4b3b47ec0>

Warning. Error encountered while saving cache c8a8c8cf8e3222f818eb9101d437214e58ddd1b5/_thumbnails.scssc: can't dump anonymous class #<Class:0x007fc4b3b47ec0>

Warning. Error encountered while saving cache c8a8c8cf8e3222f818eb9101d437214e58ddd1b5/_alerts.scssc: can't dump anonymous class #<Class:0x007fc4b3b47ec0>

Warning. Error encountered while saving cache c8a8c8cf8e3222f818eb9101d437214e58ddd1b5/_progress-bars.scssc: can't dump anonymous class #<Class:0x007fc4b3b47ec0>

Warning. Error encountered while saving cache c8a8c8cf8e3222f818eb9101d437214e58ddd1b5/_media.scssc: can't dump anonymous class #<Class:0x007fc4b3b47ec0>

Warning. Error encountered while saving cache c8a8c8cf8e3222f818eb9101d437214e58ddd1b5/_list-group.scssc: can't dump anonymous class #<Class:0x007fc4b3b47ec0>

Warning. Error encountered while saving cache c8a8c8cf8e3222f818eb9101d437214e58ddd1b5/_panels.scssc: can't dump anonymous class #<Class:0x007fc4b3b47ec0>

Warning. Error encountered while saving cache c8a8c8cf8e3222f818eb9101d437214e58ddd1b5/_responsive-embed.scssc: can't dump anonymous class #<Class:0x007fc4b3b47ec0>

Warning. Error encountered while saving cache c8a8c8cf8e3222f818eb9101d437214e58ddd1b5/_wells.scssc: can't dump anonymous class #<Class:0x007fc4b3b47ec0>

Warning. Error encountered while saving cache c8a8c8cf8e3222f818eb9101d437214e58ddd1b5/_close.scssc: can't dump anonymous class #<Class:0x007fc4b3b47ec0>

Warning. Error encountered while saving cache c8a8c8cf8e3222f818eb9101d437214e58ddd1b5/_modals.scssc: can't dump anonymous class #<Class:0x007fc4b3b47ec0>

Warning. Error encountered while saving cache c8a8c8cf8e3222f818eb9101d437214e58ddd1b5/_tooltip.scssc: can't dump anonymous class #<Class:0x007fc4b3b47ec0>

Warning. Error encountered while saving cache c8a8c8cf8e3222f818eb9101d437214e58ddd1b5/_popovers.scssc: can't dump anonymous class #<Class:0x007fc4b3b47ec0>

Warning. Error encountered while saving cache c8a8c8cf8e3222f818eb9101d437214e58ddd1b5/_carousel.scssc: can't dump anonymous class #<Class:0x007fc4b3b47ec0>

Warning. Error encountered while saving cache c8a8c8cf8e3222f818eb9101d437214e58ddd1b5/_utilities.scssc: can't dump anonymous class #<Class:0x007fc4b3b47ec0>

Warning. Error encountered while saving cache c8a8c8cf8e3222f818eb9101d437214e58ddd1b5/_responsive-utilities.scssc: can't dump anonymous class #<Class:0x007fc4b3b47ec0>

Warning. Error encountered while saving cache a17e71394880d89ea7c0b72752f6afe9de80a866/_navbar.scssc: can't dump anonymous class #<Class:0x007fc4b3b47ec0>

Warning. Error encountered while saving cache a17e71394880d89ea7c0b72752f6afe9de80a866/_footer.scssc: can't dump anonymous class #<Class:0x007fc4b3b47ec0>

Completed 200 OK in 1851ms (Views: 1850.4ms | ActiveRecord: 0.0ms)


Started GET "/" for 127.0.0.1 at 2014-11-26 17:52:51 -0800
Processing by PagesController#root as HTML
  Rendered pages/root.html.erb within layouts/application (2.0ms)
Completed 200 OK in 152ms (Views: 151.8ms | ActiveRecord: 0.0ms)


Started GET "/" for 127.0.0.1 at 2014-11-26 17:52:52 -0800
Processing by PagesController#root as HTML
  Rendered pages/root.html.erb within layouts/application (1.6ms)
Completed 200 OK in 146ms (Views: 145.7ms | ActiveRecord: 0.0ms)


Started GET "/" for 127.0.0.1 at 2014-11-26 17:52:55 -0800
Processing by PagesController#root as HTML
  Rendered pages/root.html.erb within layouts/application (2.4ms)
Completed 200 OK in 160ms (Views: 159.4ms | ActiveRecord: 0.0ms)


Started GET "/" for 127.0.0.1 at 2014-11-26 17:53:22 -0800
Processing by PagesController#root as HTML
  Rendered pages/root.html.erb within layouts/application (0.3ms)
Completed 200 OK in 28ms (Views: 28.3ms | ActiveRecord: 0.0ms)
